# JRE version: Java(TM) SE Runtime Environment (8.0_172-b11) (build 1.8.0_172-b11)
# Java VM: Java HotSpot(TM) 64-Bit Server VM (25.172-b11 mixed mode windows-amd64 compressed oops)
Heap:
 PSYoungGen      total 1066496K, used 766772K [0x000000076e180000, 0x00000007b4880000, 0x00000007c0000000)
  eden space 1024512K, 70% used [0x000000076e180000,0x000000079a550ff8,0x00000007aca00000)
  from space 41984K, 99% used [0x00000007afd80000,0x00000007b267c140,0x00000007b2680000)
  to   space 52736K, 0% used [0x00000007aca00000,0x00000007aca00000,0x00000007afd80000)
 ParOldGen       total 333312K, used 114299K [0x00000006ca400000, 0x00000006de980000, 0x000000076e180000)
  object space 333312K, 34% used [0x00000006ca400000,0x00000006d139ed30,0x00000006de980000)
 Metaspace       used 122121K, capacity 128702K, committed 128896K, reserved 1161216K
  class space    used 14996K, capacity 16153K, committed 16256K, reserved 1048576K
GC Heap History (10 events):
Event: 39.354 GC heap before
{Heap before GC invocations=34 (full 4):
 PSYoungGen      total 868352K, used 26617K [0x000000076e180000, 0x00000007a6400000, 0x00000007c0000000)
  eden space 841728K, 0% used [0x000000076e180000,0x000000076e180000,0x00000007a1780000)
  from space 26624K, 99% used [0x00000007a3a00000,0x00000007a53fe770,0x00000007a5400000)
  to   space 35328K, 0% used [0x00000007a1780000,0x00000007a1780000,0x00000007a3a00000)
 ParOldGen       total 198144K, used 76940K [0x00000006ca400000, 0x00000006d6580000, 0x000000076e180000)
  object space 198144K, 38% used [0x00000006ca400000,0x00000006cef23270,0x00000006d6580000)
 Metaspace       used 93968K, capacity 98345K, committed 98560K, reserved 1136640K
  class space    used 11491K, capacity 12295K, committed 12416K, reserved 1048576K
Event: 39.626 GC heap after
Heap after GC invocations=34 (full 4):
 PSYoungGen      total 868352K, used 0K [0x000000076e180000, 0x00000007a6400000, 0x00000007c0000000)
  eden space 841728K, 0% used [0x000000076e180000,0x000000076e180000,0x00000007a1780000)
  from space 26624K, 0% used [0x00000007a3a00000,0x00000007a3a00000,0x00000007a5400000)
  to   space 35328K, 0% used [0x00000007a1780000,0x00000007a1780000,0x00000007a3a00000)
 ParOldGen       total 333312K, used 96622K [0x00000006ca400000, 0x00000006de980000, 0x000000076e180000)
  object space 333312K, 28% used [0x00000006ca400000,0x00000006d025ba28,0x00000006de980000)
 Metaspace       used 93968K, capacity 98345K, committed 98560K, reserved 1136640K
  class space    used 11491K, capacity 12295K, committed 12416K, reserved 1048576K
}
Event: 42.234 GC heap before
{Heap before GC invocations=35 (full 4):
 PSYoungGen      total 868352K, used 841728K [0x000000076e180000, 0x00000007a6400000, 0x00000007c0000000)
  eden space 841728K, 100% used [0x000000076e180000,0x00000007a1780000,0x00000007a1780000)
  from space 26624K, 0% used [0x00000007a3a00000,0x00000007a3a00000,0x00000007a5400000)
  to   space 35328K, 0% used [0x00000007a1780000,0x00000007a1780000,0x00000007a3a00000)
 ParOldGen       total 333312K, used 96622K [0x00000006ca400000, 0x00000006de980000, 0x000000076e180000)
  object space 333312K, 28% used [0x00000006ca400000,0x00000006d025ba28,0x00000006de980000)
 Metaspace       used 97281K, capacity 101871K, committed 102144K, reserved 1138688K
  class space    used 11688K, capacity 12510K, committed 12544K, reserved 1048576K
Event: 42.249 GC heap after
Heap after GC invocations=35 (full 4):
 PSYoungGen      total 877056K, used 11200K [0x000000076e180000, 0x00000007abd80000, 0x00000007c0000000)
  eden space 841728K, 0% used [0x000000076e180000,0x000000076e180000,0x00000007a1780000)
  from space 35328K, 31% used [0x00000007a1780000,0x00000007a2270020,0x00000007a3a00000)
  to   space 33792K, 0% used [0x00000007a9c80000,0x00000007a9c80000,0x00000007abd80000)
 ParOldGen       total 333312K, used 96630K [0x00000006ca400000, 0x00000006de980000, 0x000000076e180000)
  object space 333312K, 28% used [0x00000006ca400000,0x00000006d025da28,0x00000006de980000)
 Metaspace       used 97281K, capacity 101871K, committed 102144K, reserved 1138688K
  class space    used 11688K, capacity 12510K, committed 12544K, reserved 1048576K
}
Event: 44.560 GC heap before
{Heap before GC invocations=36 (full 4):
 PSYoungGen      total 877056K, used 852928K [0x000000076e180000, 0x00000007abd80000, 0x00000007c0000000)
  eden space 841728K, 100% used [0x000000076e180000,0x00000007a1780000,0x00000007a1780000)
  from space 35328K, 31% used [0x00000007a1780000,0x00000007a2270020,0x00000007a3a00000)
  to   space 33792K, 0% used [0x00000007a9c80000,0x00000007a9c80000,0x00000007abd80000)
 ParOldGen       total 333312K, used 96630K [0x00000006ca400000, 0x00000006de980000, 0x000000076e180000)
  object space 333312K, 28% used [0x00000006ca400000,0x00000006d025da28,0x00000006de980000)
 Metaspace       used 100002K, capacity 104663K, committed 104832K, reserved 1140736K
  class space    used 11826K, capacity 12664K, committed 12672K, reserved 1048576K
Event: 44.578 GC heap after
Heap after GC invocations=36 (full 4):
 PSYoungGen      total 977408K, used 20583K [0x000000076e180000, 0x00000007abf80000, 0x00000007c0000000)
  eden space 943616K, 0% used [0x000000076e180000,0x000000076e180000,0x00000007a7b00000)
  from space 33792K, 60% used [0x00000007a9c80000,0x00000007ab099ea0,0x00000007abd80000)
  to   space 34304K, 0% used [0x00000007a7b00000,0x00000007a7b00000,0x00000007a9c80000)
 ParOldGen       total 333312K, used 96638K [0x00000006ca400000, 0x00000006de980000, 0x000000076e180000)
  object space 333312K, 28% used [0x00000006ca400000,0x00000006d025fa28,0x00000006de980000)
 Metaspace       used 100002K, capacity 104663K, committed 104832K, reserved 1140736K
  class space    used 11826K, capacity 12664K, committed 12672K, reserved 1048576K
}
Event: 50.370 GC heap before
{Heap before GC invocations=37 (full 4):
 PSYoungGen      total 977408K, used 964199K [0x000000076e180000, 0x00000007abf80000, 0x00000007c0000000)
  eden space 943616K, 100% used [0x000000076e180000,0x00000007a7b00000,0x00000007a7b00000)
  from space 33792K, 60% used [0x00000007a9c80000,0x00000007ab099ea0,0x00000007abd80000)
  to   space 34304K, 0% used [0x00000007a7b00000,0x00000007a7b00000,0x00000007a9c80000)
 ParOldGen       total 333312K, used 96638K [0x00000006ca400000, 0x00000006de980000, 0x000000076e180000)
  object space 333312K, 28% used [0x00000006ca400000,0x00000006d025fa28,0x00000006de980000)
 Metaspace       used 105928K, capacity 111059K, committed 111232K, reserved 1146880K
  class space    used 12462K, capacity 13364K, committed 13440K, reserved 1048576K
Event: 50.400 GC heap after
Heap after GC invocations=37 (full 4):
 PSYoungGen      total 977920K, used 34288K [0x000000076e180000, 0x00000007b2680000, 0x00000007c0000000)
  eden space 943616K, 0% used [0x000000076e180000,0x000000076e180000,0x00000007a7b00000)
  from space 34304K, 99% used [0x00000007a7b00000,0x00000007a9c7c0d0,0x00000007a9c80000)
  to   space 41984K, 0% used [0x00000007afd80000,0x00000007afd80000,0x00000007b2680000)
 ParOldGen       total 333312K, used 102736K [0x00000006ca400000, 0x00000006de980000, 0x000000076e180000)
  object space 333312K, 30% used [0x00000006ca400000,0x00000006d0854128,0x00000006de980000)
 Metaspace       used 105928K, capacity 111059K, committed 111232K, reserved 1146880K
  class space    used 12462K, capacity 13364K, committed 13440K, reserved 1048576K
}
Event: 54.092 GC heap before
{Heap before GC invocations=38 (full 4):
 PSYoungGen      total 977920K, used 977904K [0x000000076e180000, 0x00000007b2680000, 0x00000007c0000000)
  eden space 943616K, 100% used [0x000000076e180000,0x00000007a7b00000,0x00000007a7b00000)
  from space 34304K, 99% used [0x00000007a7b00000,0x00000007a9c7c0d0,0x00000007a9c80000)
  to   space 41984K, 0% used [0x00000007afd80000,0x00000007afd80000,0x00000007b2680000)
 ParOldGen       total 333312K, used 102736K [0x00000006ca400000, 0x00000006de980000, 0x000000076e180000)
  object space 333312K, 30% used [0x00000006ca400000,0x00000006d0854128,0x00000006de980000)
 Metaspace       used 110735K, capacity 116243K, committed 116608K, reserved 1150976K
  class space    used 13123K, capacity 14088K, committed 14208K, reserved 1048576K
Event: 54.144 GC heap after
Heap after GC invocations=38 (full 4):
 PSYoungGen      total 1066496K, used 41968K [0x000000076e180000, 0x00000007b4880000, 0x00000007c0000000)
  eden space 1024512K, 0% used [0x000000076e180000,0x000000076e180000,0x00000007aca00000)
  from space 41984K, 99% used [0x00000007afd80000,0x00000007b267c140,0x00000007b2680000)
  to   space 52736K, 0% used [0x00000007aca00000,0x00000007aca00000,0x00000007afd80000)
 ParOldGen       total 333312K, used 114299K [0x00000006ca400000, 0x00000006de980000, 0x000000076e180000)
  object space 333312K, 34% used [0x00000006ca400000,0x00000006d139ed30,0x00000006de980000)
 Metaspace       used 110735K, capacity 116243K, committed 116608K, reserved 1150976K
  class space    used 13123K, capacity 14088K, committed 14208K, reserved 1048576K
}

